\BOOKMARK [0][-]{chapter*.5}{\376\377\000G\000e\000n\000e\000r\000a\000l\000\040\000I\000n\000t\000r\000o\000d\000u\000c\000t\000i\000o\000n}{}% 1
\BOOKMARK [0][-]{chapter.1}{\376\377\000P\000r\000o\000j\000e\000c\000t\000\040\000s\000c\000o\000p\000e}{}% 2
\BOOKMARK [1][-]{section.1.1}{\376\377\000H\000o\000s\000t\000\040\000c\000o\000m\000p\000a\000n\000y\000:\000\040\000S\000m\000a\000r\000t\000L\000a\000b\000\040\000S\000o\000l\000u\000t\000i\000o\000n\000s\000\040\000G\000m\000b\000H}{chapter.1}% 3
\BOOKMARK [2][-]{subsection.1.1.1}{\376\377\000G\000e\000n\000e\000r\000a\000l\000\040\000i\000n\000f\000o\000r\000m\000a\000t\000i\000o\000n\000\040\000a\000b\000o\000u\000t\000\040\000S\000L\000S\000\040\000a\000n\000d\000\040\000i\000t\000s\000\040\000v\000i\000s\000i\000o\000n}{section.1.1}% 4
\BOOKMARK [2][-]{subsection.1.1.2}{\376\377\000i\000H\000E\000X\000\040\000s\000y\000s\000t\000e\000m\000:\000\040\000S\000m\000a\000r\000t\000L\000a\000b\000\040\000S\000o\000l\000u\000t\000i\000o\000n\000s\000\040\000G\000m\000b\000H\000\040\000m\000a\000i\000n\000\040\000p\000r\000o\000d\000u\000c\000t}{section.1.1}% 5
\BOOKMARK [1][-]{section.1.2}{\376\377\000P\000r\000o\000j\000e\000c\000t\000\040\000s\000p\000e\000c\000i\000f\000i\000c\000a\000t\000i\000o\000n\000s}{chapter.1}% 6
\BOOKMARK [1][-]{section.1.3}{\376\377\000P\000r\000o\000j\000e\000c\000t\000\040\000m\000a\000n\000a\000g\000e\000m\000e\000n\000t\000\040\000t\000o\000o\000l\000s}{chapter.1}% 7
\BOOKMARK [2][-]{subsection.1.3.1}{\376\377\000A\000g\000i\000l\000e\000\040\000m\000e\000t\000h\000o\000d\000o\000l\000g\000y}{section.1.3}% 8
\BOOKMARK [2][-]{subsection.1.3.2}{\376\377\000P\000r\000o\000j\000e\000c\000t\000\040\000m\000a\000n\000a\000g\000e\000m\000e\000n\000t\000\040\000s\000o\000f\000t\000w\000a\000r\000e}{section.1.3}% 9
\BOOKMARK [3][-]{subsubsection.1.3.2.1}{\376\377\000M\000i\000c\000r\000o\000s\000o\000f\000t\000\040\000t\000o\000o\000l\000s\000:\000\040\000M\000i\000c\000r\000o\000s\000o\000f\000t\000\040\000T\000e\000a\000m\000s\000\040\000-\000\040\000M\000i\000c\000r\000o\000s\000o\000f\000t\000\040\000O\000u\000t\000l\000o\000o\000k}{subsection.1.3.2}% 10
\BOOKMARK [3][-]{subsubsection.1.3.2.2}{\376\377\000Y\000o\000u\000T\000r\000a\000c\000k}{subsection.1.3.2}% 11
\BOOKMARK [3][-]{subsubsection.1.3.2.3}{\376\377\000G\000i\000t\000H\000u\000b}{subsection.1.3.2}% 12
\BOOKMARK [0][-]{chapter.2}{\376\377\000D\000e\000s\000i\000g\000n\000\040\000a\000n\000d\000\040\000d\000e\000v\000e\000l\000o\000p\000m\000e\000n\000t\000\040\000o\000f\000\040\000t\000h\000e\000\040\000C\000A\000N\000\040\000B\000u\000s\000\040\000s\000o\000f\000t\000w\000a\000r\000e}{}% 13
\BOOKMARK [1][-]{section.2.1}{\376\377\000C\000o\000m\000m\000u\000n\000i\000c\000a\000t\000i\000o\000n\000\040\000p\000r\000o\000t\000o\000c\000o\000l\000\040\000s\000e\000l\000e\000c\000t\000i\000o\000n}{chapter.2}% 14
\BOOKMARK [2][-]{subsection.2.1.1}{\376\377\000T\000h\000e\000\040\000c\000o\000m\000p\000a\000n\000y\000\040\000r\000e\000q\000u\000i\000r\000e\000m\000e\000n\000t\000s}{section.2.1}% 15
\BOOKMARK [2][-]{subsection.2.1.2}{\376\377\000C\000o\000n\000t\000r\000o\000l\000l\000e\000r\000\040\000A\000r\000e\000a\000\040\000N\000e\000t\000w\000o\000r\000k\000\040\000\050\000C\000A\000N\000\051\000\040\000s\000p\000e\000c\000i\000f\000i\000c\000a\000t\000i\000o\000n\000s}{section.2.1}% 16
\BOOKMARK [3][-]{subsubsection.2.1.2.1}{\376\377\000C\000A\000N\000-\000B\000u\000s\000\040\000p\000r\000o\000t\000o\000c\000o\000l\000\040\000o\000v\000e\000r\000v\000i\000e\000w}{subsection.2.1.2}% 17
\BOOKMARK [3][-]{subsubsection.2.1.2.2}{\376\377\000C\000A\000N\000-\000B\000u\000s\000\040\000t\000o\000p\000o\000l\000o\000g\000y}{subsection.2.1.2}% 18
\BOOKMARK [3][-]{subsubsection.2.1.2.3}{\376\377\000C\000A\000N\000-\000B\000u\000s\000\040\000e\000l\000e\000c\000t\000r\000o\000n\000i\000c\000s}{subsection.2.1.2}% 19
\BOOKMARK [3][-]{subsubsection.2.1.2.4}{\376\377\000C\000A\000N\000\040\000d\000a\000t\000a\000\040\000f\000r\000a\000m\000e}{subsection.2.1.2}% 20
\BOOKMARK [3][-]{subsubsection.2.1.2.5}{\376\377\000O\000t\000h\000e\000r\000\040\000a\000d\000v\000a\000n\000t\000a\000g\000e\000s\000\040\000o\000f\000\040\000C\000A\000N}{subsection.2.1.2}% 21
\BOOKMARK [1][-]{section.2.2}{\376\377\000S\000e\000l\000e\000c\000t\000i\000o\000n\000\040\000o\000f\000\040\000t\000h\000e\000\040\000M\000a\000i\000n\000\040\000C\000o\000n\000t\000r\000o\000l\000l\000e\000r\000\040\000\050\000M\000C\000\051\000\040\000d\000e\000v\000e\000l\000o\000p\000m\000e\000n\000t\000\040\000b\000o\000a\000r\000d}{chapter.2}% 22
\BOOKMARK [1][-]{section.2.3}{\376\377\000S\000e\000l\000e\000c\000t\000i\000o\000n\000\040\000o\000f\000\040\000t\000h\000e\000\040\000S\000u\000b\000-\000C\000o\000n\000t\000r\000o\000l\000l\000e\000r\000\040\000\050\000S\000C\000\051\000\040\000d\000e\000v\000e\000l\000o\000p\000m\000e\000n\000t\000\040\000b\000o\000a\000r\000d}{chapter.2}% 23
\BOOKMARK [2][-]{subsection.2.3.1}{\376\377\000C\000h\000a\000r\000a\000c\000t\000e\000r\000i\000s\000t\000i\000c\000s\000\040\000o\000f\000\040\000t\000h\000e\000\040\000M\000C\000U\000:\000\040\000M\000i\000c\000r\000o\000c\000o\000n\000t\000r\000o\000l\000l\000e\000r\000\040\000U\000n\000i\000t}{section.2.3}% 24
\BOOKMARK [2][-]{subsection.2.3.2}{\376\377\000T\000h\000e\000\040\000s\000u\000p\000p\000l\000i\000e\000r\000\040\000c\000o\000m\000p\000a\000n\000y}{section.2.3}% 25
\BOOKMARK [1][-]{section.2.4}{\376\377\000D\000e\000v\000e\000l\000o\000p\000m\000e\000n\000t\000\040\000o\000f\000\040\000t\000h\000e\000\040\000C\000A\000N\000\040\000c\000o\000m\000m\000u\000n\000i\000c\000a\000t\000i\000o\000n\000\040\000s\000o\000f\000t\000w\000a\000r\000e}{chapter.2}% 26
\BOOKMARK [2][-]{subsection.2.4.1}{\376\377\000M\000C\000:\000\040\000D\000e\000v\000e\000l\000o\000p\000m\000e\000n\000t\000\040\000o\000f\000\040\000t\000h\000e\000\040\000C\000A\000N\000\040\000c\000o\000m\000m\000u\000n\000i\000c\000a\000t\000i\000o\000n\000\040\000s\000o\000f\000t\000w\000a\000r\000e}{section.2.4}% 27
\BOOKMARK [3][-]{subsubsection.2.4.1.1}{\376\377\000M\000C\000:\000\040\000H\000a\000r\000d\000w\000a\000r\000e\000\040\000s\000e\000t\000u\000p\000:}{subsection.2.4.1}% 28
\BOOKMARK [3][-]{subsubsection.2.4.1.2}{\376\377\000M\000C\000:\000\040\000S\000o\000f\000t\000w\000a\000r\000e\000\040\000s\000e\000t\000u\000p}{subsection.2.4.1}% 29
\BOOKMARK [3][-]{subsubsection.2.4.1.3}{\376\377\000M\000C\000:\000\040\000D\000e\000s\000i\000g\000n\000\040\000a\000n\000d\000\040\000d\000e\000v\000e\000l\000o\000p\000m\000e\000n\000t\000\040\000o\000f\000\040\000t\000h\000e\000\040\000a\000b\000s\000t\000r\000a\000c\000t\000i\000o\000n\000\040\000l\000a\000y\000e\000r}{subsection.2.4.1}% 30
\BOOKMARK [3][-]{subsubsection.2.4.1.4}{\376\377\000M\000C\000:\000\040\000D\000e\000v\000e\000l\000o\000p\000m\000e\000n\000t\000\040\000o\000f\000\040\000t\000h\000e\000\040\000L\000o\000w\000-\000L\000e\000v\000e\000l\000\040\000\050\000L\000L\000\051\000\040\000f\000i\000r\000m\000w\000a\000r\000e}{subsection.2.4.1}% 31
\BOOKMARK [3][-]{subsubsection.2.4.1.5}{\376\377\000M\000C\000:\000\040\000T\000e\000s\000t\000\040\000a\000n\000d\000\040\000v\000a\000l\000i\000d\000a\000t\000i\000o\000n\000\040\000o\000f\000\040\000t\000h\000e\000\040\000d\000e\000v\000e\000l\000o\000p\000e\000d\000\040\000A\000P\000I\000s\000:}{subsection.2.4.1}% 32
\BOOKMARK [2][-]{subsection.2.4.2}{\376\377\000S\000C\000:\000\040\000D\000e\000v\000e\000l\000o\000p\000m\000e\000n\000t\000\040\000o\000f\000\040\000t\000h\000e\000\040\000C\000A\000N\000\040\000c\000o\000m\000m\000u\000n\000i\000c\000a\000t\000i\000o\000n\000\040\000s\000o\000f\000t\000w\000a\000r\000e}{section.2.4}% 33
\BOOKMARK [3][-]{subsubsection.2.4.2.1}{\376\377\000S\000C\000:\000\040\000H\000a\000r\000d\000w\000a\000r\000e\000\040\000s\000e\000t\000u\000p}{subsection.2.4.2}% 34
\BOOKMARK [3][-]{subsubsection.2.4.2.2}{\376\377\000S\000C\000:\000\040\000S\000o\000f\000t\000w\000a\000r\000e\000\040\000s\000e\000t\000u\000p}{subsection.2.4.2}% 35
\BOOKMARK [3][-]{subsubsection.2.4.2.3}{\376\377\000S\000C\000:\000\040\000D\000e\000s\000i\000g\000n\000\040\000a\000n\000d\000\040\000d\000e\000v\000e\000l\000o\000p\000m\000e\000n\000t\000\040\000o\000f\000\040\000t\000h\000e\000\040\000a\000b\000s\000t\000r\000a\000c\000t\000i\000o\000n\000\040\000l\000a\000y\000e\000r}{subsection.2.4.2}% 36
\BOOKMARK [3][-]{subsubsection.2.4.2.4}{\376\377\000S\000C\000:\000\040\000T\000e\000s\000t\000\040\000a\000n\000d\000\040\000v\000a\000l\000i\000d\000a\000t\000i\000o\000n\000\040\000o\000f\000\040\000t\000h\000e\000\040\000d\000e\000v\000e\000l\000o\000p\000e\000d\000\040\000A\000P\000I}{subsection.2.4.2}% 37
\BOOKMARK [0][-]{chapter.3}{\376\377\000D\000e\000s\000i\000g\000n\000\040\000a\000n\000d\000\040\000d\000e\000v\000e\000l\000o\000p\000m\000e\000n\000t\000\040\000o\000f\000\040\000t\000h\000e\000\040\000C\000o\000n\000t\000r\000o\000l\000\040\000I\000n\000t\000e\000r\000f\000a\000c\000e}{}% 38
\BOOKMARK [1][-]{section.3.1}{\376\377\000C\000o\000n\000t\000r\000o\000l\000\040\000I\000n\000t\000e\000r\000f\000a\000c\000e\000\040\000\050\000C\000I\000\051\000\040\000o\000n\000\040\000t\000h\000e\000\040\000M\000C}{chapter.3}% 39
\BOOKMARK [2][-]{subsection.3.1.1}{\376\377\000M\000u\000l\000t\000i\000t\000h\000r\000e\000a\000d\000e\000d\000\040\000a\000r\000c\000h\000i\000t\000e\000c\000t\000u\000r\000e\000:}{section.3.1}% 40
\BOOKMARK [3][-]{subsubsection.3.1.1.1}{\376\377\000M\000u\000l\000t\000i\000t\000h\000r\000e\000a\000d\000i\000n\000g\000\040\000n\000e\000e\000d}{subsection.3.1.1}% 41
\BOOKMARK [3][-]{subsubsection.3.1.1.2}{\376\377\000T\000h\000e\000\040\000<\000p\000t\000h\000r\000e\000a\000d\000.\000h\000>\000\040\000l\000i\000b\000r\000a\000r\000y}{subsection.3.1.1}% 42
\BOOKMARK [3][-]{subsubsection.3.1.1.3}{\376\377\000D\000e\000s\000i\000g\000n\000\040\000o\000v\000e\000r\000v\000i\000e\000w}{subsection.3.1.1}% 43
\BOOKMARK [3][-]{subsubsection.3.1.1.4}{\376\377\000T\000h\000r\000e\000a\000d\000s\000,\000\040\000m\000e\000s\000s\000a\000g\000e\000\040\000q\000u\000e\000u\000e\000s\000\040\000a\000n\000d\000\040\000d\000a\000t\000a\000\040\000f\000l\000o\000w}{subsection.3.1.1}% 44
\BOOKMARK [2][-]{subsection.3.1.2}{\376\377\000M\000Q\000T\000T\000\040\000i\000n\000t\000e\000g\000r\000a\000t\000i\000o\000n}{section.3.1}% 45
\BOOKMARK [3][-]{subsubsection.3.1.2.1}{\376\377\000I\000m\000p\000o\000r\000t\000a\000n\000c\000e\000\040\000a\000n\000d\000\040\000a\000d\000v\000a\000n\000t\000a\000g\000e\000s\000\040\000o\000f\000\040\000M\000Q\000T\000T\000\040\000i\000n\000t\000e\000g\000r\000a\000t\000i\000o\000n}{subsection.3.1.2}% 46
\BOOKMARK [3][-]{subsubsection.3.1.2.2}{\376\377\000S\000u\000b\000s\000c\000r\000i\000b\000i\000n\000g\000\040\000t\000o\000\040\000"\000C\000o\000m\000m\000a\000n\000d\000s\000\040\000T\000o\000p\000i\000c\000"\000\040\000\050\000C\000T\000\051}{subsection.3.1.2}% 47
\BOOKMARK [3][-]{subsubsection.3.1.2.3}{\376\377\000P\000u\000b\000l\000i\000s\000h\000i\000n\000g\000\040\000t\000o\000\040\000"\000E\000v\000e\000n\000t\000s\000\040\000T\000o\000p\000i\000c\000"\000\040\000\050\000E\000T\000\051}{subsection.3.1.2}% 48
\BOOKMARK [2][-]{subsection.3.1.3}{\376\377\000J\000S\000O\000N\000\040\000i\000n\000t\000e\000g\000r\000a\000t\000i\000o\000n}{section.3.1}% 49
\BOOKMARK [1][-]{section.3.2}{\376\377\000C\000o\000n\000t\000r\000o\000l\000\040\000I\000n\000t\000e\000r\000f\000a\000c\000e\000\040\000\050\000C\000I\000\051\000\040\000o\000n\000\040\000t\000h\000e\000\040\000S\000C\000s}{chapter.3}% 50
\BOOKMARK [2][-]{subsection.3.2.1}{\376\377\000F\000r\000e\000e\000R\000T\000O\000S\000\040\000m\000i\000d\000d\000e\000l\000w\000a\000r\000e}{section.3.2}% 51
\BOOKMARK [2][-]{subsection.3.2.2}{\376\377\000R\000e\000a\000l\000-\000T\000i\000m\000e\000\040\000t\000a\000s\000k\000\040\000e\000x\000e\000c\000u\000t\000i\000o\000n}{section.3.2}% 52
\BOOKMARK [2][-]{subsection.3.2.3}{\376\377\000H\000a\000r\000d\000w\000a\000r\000e\000\040\000i\000n\000t\000e\000r\000a\000c\000t\000i\000o\000n}{section.3.2}% 53
\BOOKMARK [3][-]{subsubsection.3.2.3.1}{\376\377\000L\000E\000D\000\040\000m\000a\000n\000a\000g\000e\000m\000e\000n\000t}{subsection.3.2.3}% 54
\BOOKMARK [3][-]{subsubsection.3.2.3.2}{\376\377\000B\000u\000z\000z\000e\000r\000\040\000c\000o\000n\000t\000r\000o\000l}{subsection.3.2.3}% 55
\BOOKMARK [3][-]{subsubsection.3.2.3.3}{\376\377\000E\000l\000e\000c\000t\000r\000i\000c\000i\000t\000y\000\040\000c\000o\000n\000t\000r\000o\000l}{subsection.3.2.3}% 56
\BOOKMARK [3][-]{subsubsection.3.2.3.4}{\376\377\000S\000i\000g\000n\000a\000l\000\040\000L\000o\000o\000p\000\040\000m\000o\000n\000i\000t\000o\000r\000i\000n\000g}{subsection.3.2.3}% 57
\BOOKMARK [1][-]{section.3.3}{\376\377\000I\000n\000t\000e\000g\000r\000a\000t\000i\000o\000n\000\040\000a\000n\000d\000\040\000i\000n\000t\000e\000r\000o\000p\000e\000r\000a\000b\000i\000l\000i\000t\000y}{chapter.3}% 58
\BOOKMARK [2][-]{subsection.3.3.1}{\376\377\000I\000n\000t\000e\000g\000r\000a\000t\000i\000o\000n\000\040\000o\000f\000\040\000M\000C\000\040\000a\000n\000d\000\040\000S\000C\000s}{section.3.3}% 59
\BOOKMARK [2][-]{subsection.3.3.2}{\376\377\000B\000i\000d\000i\000r\000e\000c\000t\000i\000o\000n\000a\000l\000\040\000c\000o\000m\000m\000u\000n\000i\000c\000a\000t\000i\000o\000n\000\040\000c\000h\000a\000n\000n\000e\000l\000s}{section.3.3}% 60
\BOOKMARK [3][-]{subsubsection.3.3.2.1}{\376\377\000C\000h\000a\000n\000n\000e\000l\000\040\000o\000n\000e\000:\000\040\000C\000o\000m\000m\000a\000n\000d\000\040\000p\000r\000o\000p\000a\000g\000a\000t\000i\000o\000n}{subsection.3.3.2}% 61
\BOOKMARK [3][-]{subsubsection.3.3.2.2}{\376\377\000C\000h\000a\000n\000n\000e\000l\000\040\000t\000w\000o\000:\000\040\000F\000e\000e\000d\000b\000a\000c\000k\000\040\000a\000n\000d\000\040\000r\000e\000p\000o\000r\000t\000i\000n\000g}{subsection.3.3.2}% 62
\BOOKMARK [2][-]{subsection.3.3.3}{\376\377\000D\000e\000t\000e\000c\000t\000i\000n\000g\000\040\000a\000n\000d\000\040\000i\000n\000t\000e\000g\000r\000a\000t\000i\000n\000g\000\040\000n\000e\000w\000\040\000i\000H\000E\000X\000\040\000m\000o\000b\000i\000l\000e\000\040\000e\000l\000e\000m\000e\000n\000t\000s}{section.3.3}% 63
\BOOKMARK [3][-]{subsubsection.3.3.3.1}{\376\377\000S\000i\000g\000n\000a\000l\000\040\000L\000o\000o\000p\000\040\000t\000a\000s\000k\000:\000\040\000D\000e\000t\000e\000c\000t\000i\000n\000g\000\040\000n\000e\000w\000\040\000c\000o\000n\000n\000e\000c\000t\000i\000o\000n}{subsection.3.3.3}% 64
\BOOKMARK [3][-]{subsubsection.3.3.3.2}{\376\377\000R\000e\000p\000o\000r\000t\000i\000n\000g\000\040\000t\000o\000\040\000t\000h\000e\000\040\000M\000C}{subsection.3.3.3}% 65
\BOOKMARK [3][-]{subsubsection.3.3.3.3}{\376\377\000M\000C\000\040\000r\000e\000s\000p\000o\000n\000s\000e}{subsection.3.3.3}% 66
\BOOKMARK [3][-]{subsubsection.3.3.3.4}{\376\377\000C\000o\000n\000f\000i\000r\000m\000a\000t\000i\000o\000n\000\040\000a\000n\000d\000\040\000a\000c\000t\000i\000v\000a\000t\000i\000o\000n}{subsection.3.3.3}% 67
\BOOKMARK [3][-]{subsubsection.3.3.3.5}{\376\377\000H\000a\000n\000d\000s\000h\000a\000k\000e\000\040\000a\000n\000d\000\040\000r\000e\000c\000o\000g\000n\000i\000t\000i\000o\000n}{subsection.3.3.3}% 68
\BOOKMARK [1][-]{section.3.4}{\376\377\000T\000e\000s\000t\000i\000n\000g\000\040\000t\000h\000e\000\040\000i\000H\000E\000X\000\040\000s\000y\000s\000t\000e\000m}{chapter.3}% 69
\BOOKMARK [2][-]{subsection.3.4.1}{\376\377\000C\000h\000a\000n\000n\000e\000l\000\040\000o\000n\000e\000\040\000t\000e\000s\000t\000:\000\040\000C\000o\000m\000m\000a\000n\000d\000\040\000p\000r\000o\000p\000a\000g\000a\000t\000i\000o\000n}{section.3.4}% 70
\BOOKMARK [2][-]{subsection.3.4.2}{\376\377\000C\000h\000a\000n\000n\000e\000l\000\040\000t\000w\000o\000\040\000t\000e\000s\000t\000:\000\040\000F\000e\000e\000d\000b\000a\000c\000k\000\040\000a\000n\000d\000\040\000r\000e\000p\000o\000r\000t\000i\000n\000g}{section.3.4}% 71
\BOOKMARK [2][-]{subsection.3.4.3}{\376\377\000N\000e\000w\000\040\000c\000o\000n\000n\000e\000c\000t\000i\000o\000n\000\040\000i\000n\000t\000e\000g\000r\000a\000t\000i\000o\000n\000\040\000t\000e\000s\000t}{section.3.4}% 72
\BOOKMARK [1][-]{section.3.5}{\376\377\000I\000d\000e\000n\000t\000i\000f\000i\000e\000r\000\040\000c\000o\000n\000f\000i\000g\000u\000r\000a\000t\000i\000o\000n\000\040\000m\000o\000d\000u\000l\000e}{chapter.3}% 73
\BOOKMARK [1][-]{section.3.6}{\376\377\000S\000o\000f\000t\000w\000a\000r\000e\000\040\000d\000e\000v\000e\000l\000o\000p\000m\000e\000n\000t\000\040\000a\000n\000d\000\040\000d\000e\000p\000l\000o\000y\000m\000e\000n\000t\000\040\000p\000r\000o\000c\000e\000s\000s}{chapter.3}% 74
\BOOKMARK [2][-]{subsection.3.6.1}{\376\377\000S\000o\000f\000t\000w\000a\000r\000e\000\040\000d\000e\000v\000e\000l\000o\000p\000m\000e\000n\000t\000\040\000a\000n\000d\000\040\000d\000e\000p\000l\000o\000y\000m\000e\000n\000t\000\040\000p\000r\000o\000c\000e\000s\000s\000\040\000o\000n\000\040\000t\000h\000e\000\040\000R\000a\000s\000p\000b\000e\000r\000r\000y\000\040\000P\000i}{section.3.6}% 75
\BOOKMARK [2][-]{subsection.3.6.2}{\376\377\000S\000o\000f\000t\000w\000a\000r\000e\000\040\000d\000e\000v\000e\000l\000o\000p\000m\000e\000n\000t\000\040\000a\000n\000d\000\040\000d\000e\000p\000l\000o\000y\000m\000e\000n\000t\000\040\000p\000r\000o\000c\000e\000s\000s\000\040\000o\000n\000\040\000S\000T\000M\0003\0002\000\040\000M\000C\000U}{section.3.6}% 76
\BOOKMARK [0][-]{chapter.4}{\376\377\000D\000e\000s\000i\000g\000n\000\040\000a\000n\000d\000\040\000d\000e\000v\000e\000l\000o\000p\000m\000e\000n\000t\000\040\000o\000f\000\040\000P\000r\000i\000n\000t\000e\000d\000\040\000C\000i\000r\000c\000u\000i\000t\000\040\000B\000o\000a\000r\000d\000s}{}% 77
\BOOKMARK [1][-]{section.4.1}{\376\377\000A\000r\000c\000h\000i\000t\000e\000c\000t\000u\000r\000e}{chapter.4}% 78
\BOOKMARK [1][-]{section.4.2}{\376\377\000M\000a\000i\000n\000\040\000P\000C\000B\000:\000\040\000N\000u\000c\000l\000e\000u\000s\000\040\000o\000f\000\040\000t\000h\000e\000\040\000i\000H\000E\000X\000\040\000h\000a\000r\000d\000w\000a\000r\000e}{chapter.4}% 79
\BOOKMARK [2][-]{subsection.4.2.1}{\376\377\000E\000l\000e\000c\000t\000r\000o\000n\000i\000c\000\040\000c\000o\000m\000p\000o\000n\000e\000n\000t\000s}{section.4.2}% 80
\BOOKMARK [2][-]{subsection.4.2.2}{\376\377\000S\000c\000h\000e\000m\000a\000t\000i\000c\000,\000\040\000i\000n\000t\000e\000g\000r\000a\000t\000i\000o\000n\000,\000\040\000a\000n\000d\000\040\000P\000C\000B\000\040\000d\000e\000s\000i\000g\000n}{section.4.2}% 81
\BOOKMARK [1][-]{section.4.3}{\376\377\000I\000O\000\040\000P\000C\000B\000:\000\040\000C\000o\000n\000n\000e\000c\000t\000i\000v\000i\000t\000y\000\040\000a\000n\000d\000\040\000c\000o\000n\000t\000r\000o\000l}{chapter.4}% 82
\BOOKMARK [2][-]{subsection.4.3.1}{\376\377\000E\000t\000h\000e\000r\000n\000e\000t\000\040\000p\000o\000r\000t\000s\000:}{section.4.3}% 83
\BOOKMARK [2][-]{subsection.4.3.2}{\376\377\000H\000e\000a\000d\000e\000r\000\040\000c\000o\000n\000n\000e\000c\000t\000o\000r\000s}{section.4.3}% 84
\BOOKMARK [2][-]{subsection.4.3.3}{\376\377\000I\000n\000d\000i\000c\000a\000t\000o\000r\000\040\000L\000E\000D\000s}{section.4.3}% 85
\BOOKMARK [2][-]{subsection.4.3.4}{\376\377\000S\000c\000h\000e\000m\000a\000t\000i\000c\000\040\000i\000n\000t\000e\000g\000r\000a\000t\000i\000o\000n\000,\000\040\000a\000n\000d\000\040\000P\000C\000B\000\040\000d\000e\000s\000i\000g\000n}{section.4.3}% 86
\BOOKMARK [1][-]{section.4.4}{\376\377\000D\000o\000c\000k\000\040\000P\000C\000B\000:\000\040\000C\000o\000n\000n\000e\000c\000t\000i\000n\000g\000\040\000a\000n\000d\000\040\000p\000o\000w\000e\000r\000i\000n\000g\000\040\000i\000H\000E\000X\000\040\000m\000o\000b\000i\000l\000e\000\040\000e\000l\000e\000m\000e\000n\000t\000s}{chapter.4}% 87
\BOOKMARK [2][-]{subsection.4.4.1}{\376\377\000M\000a\000l\000e\000\040\000D\000o\000c\000k}{section.4.4}% 88
\BOOKMARK [2][-]{subsection.4.4.2}{\376\377\000F\000e\000m\000a\000l\000e\000\040\000D\000o\000c\000k}{section.4.4}% 89
\BOOKMARK [2][-]{subsection.4.4.3}{\376\377\000S\000c\000h\000e\000m\000a\000t\000i\000c\000,\000\040\000i\000n\000t\000e\000g\000r\000a\000t\000i\000o\000n\000,\000\040\000a\000n\000d\000\040\000P\000C\000B\000\040\000D\000e\000s\000i\000g\000n}{section.4.4}% 90
\BOOKMARK [1][-]{section.4.5}{\376\377\000L\000E\000D\000\040\000P\000C\000B\000:\000\040\000L\000E\000D\000\040\000s\000t\000r\000i\000p\000s\000\040\000c\000o\000n\000t\000r\000o\000l}{chapter.4}% 91
\BOOKMARK [2][-]{subsection.4.5.1}{\376\377\000R\000G\000B\000\040\000c\000o\000l\000o\000r\000\040\000c\000o\000n\000t\000r\000o\000l}{section.4.5}% 92
\BOOKMARK [2][-]{subsection.4.5.2}{\376\377\000I\000n\000p\000u\000t\000\040\000a\000n\000d\000\040\000O\000u\000t\000p\000u\000t\000\040\000c\000o\000n\000n\000e\000c\000t\000i\000o\000n\000s}{section.4.5}% 93
\BOOKMARK [2][-]{subsection.4.5.3}{\376\377\000S\000c\000h\000e\000m\000a\000t\000i\000c\000\040\000i\000n\000t\000e\000g\000r\000a\000t\000i\000o\000n\000,\000\040\000a\000n\000d\000\040\000P\000C\000B\000\040\000d\000e\000s\000i\000g\000n}{section.4.5}% 94
\BOOKMARK [1][-]{section.4.6}{\376\377\000P\000r\000o\000d\000u\000c\000t\000i\000o\000n\000,\000\040\000t\000e\000s\000t\000\040\000a\000n\000d\000\040\000v\000a\000l\000i\000d\000a\000t\000i\000o\000n}{chapter.4}% 95
\BOOKMARK [0][-]{chapter*.86}{\376\377\000G\000e\000n\000e\000r\000a\000l\000\040\000c\000o\000n\000c\000l\000u\000s\000i\000o\000n}{}% 96
\BOOKMARK [0][-]{chapter*.87}{\376\377\000B\000i\000b\000l\000i\000o\000g\000r\000a\000p\000h\000y}{}% 97
\BOOKMARK [0][-]{chapter*.88}{\376\377\000A\000n\000n\000e\000x\000e\000s}{}% 98
